<?xml version="1.0" encoding="UTF-8"?>
<!-- Generated by org.testng.reporters.JUnitReportReporter -->
<testsuite hostname="Master-26" failures="0" tests="1" name="com.saucelabs.testcases.LoginTest" time="11.746" errors="0" timestamp="2023-07-20T13:31:03 IST" skipped="0">
  <testcase classname="com.saucelabs.testcases.LoginTest" name="testlogin" time="11.746"/>
  <system-out/>
</testsuite> <!-- com.saucelabs.testcases.LoginTest -->
